2024-03-13 15:50:48,657 ERROR wlroots log.py:log_func_callback():L15 [libseat] [libseat/backend/seatd.c:122] Could not flush connection: Broken pipe
2024-03-13 15:50:48,660 ERROR wlroots log.py:log_func_callback():L15 [backend/session/session.c:356] Failed to close device 2: Broken pipe
2024-03-13 15:50:48,660 ERROR wlroots log.py:log_func_callback():L15 [backend/session/session.c:356] Failed to close device 9: Transport endpoint is not connected
2024-03-13 15:50:48,661 ERROR wlroots log.py:log_func_callback():L15 [backend/session/session.c:356] Failed to close device 8: Transport endpoint is not connected
2024-03-13 15:50:48,661 ERROR wlroots log.py:log_func_callback():L15 [backend/session/session.c:356] Failed to close device 7: Transport endpoint is not connected
2024-03-13 15:50:48,661 ERROR wlroots log.py:log_func_callback():L15 [backend/session/session.c:356] Failed to close device 6: Transport endpoint is not connected
2024-03-13 15:50:48,661 ERROR wlroots log.py:log_func_callback():L15 [backend/session/session.c:356] Failed to close device 5: Transport endpoint is not connected
2024-03-13 15:50:48,661 ERROR wlroots log.py:log_func_callback():L15 [backend/session/session.c:356] Failed to close device 4: Transport endpoint is not connected
2024-03-13 15:50:48,661 ERROR wlroots log.py:log_func_callback():L15 [backend/session/session.c:356] Failed to close device 3: Transport endpoint is not connected
2024-03-13 15:50:48,663 ERROR wlroots log.py:log_func_callback():L15 [backend/session/session.c:41] Failed to dispatch libseat: Transport endpoint is not connected
2024-03-13 15:50:48,663 ERROR wlroots log.py:log_func_callback():L15 [backend/session/session.c:41] Failed to dispatch libseat: Transport endpoint is not connected
2024-03-13 15:50:48,664 ERROR wlroots log.py:log_func_callback():L15 [backend/session/session.c:41] Failed to dispatch libseat: Transport endpoint is not connected
2024-03-13 15:50:48,664 ERROR wlroots log.py:log_func_callback():L15 [backend/session/session.c:41] Failed to dispatch libseat: Transport endpoint is not connected
2024-03-13 15:50:48,664 ERROR wlroots log.py:log_func_callback():L15 [backend/session/session.c:41] Failed to dispatch libseat: Transport endpoint is not connected
2024-03-13 15:50:48,665 ERROR wlroots log.py:log_func_callback():L15 [backend/session/session.c:41] Failed to dispatch libseat: Transport endpoint is not connected
2024-03-13 15:50:48,665 ERROR wlroots log.py:log_func_callback():L15 [backend/session/session.c:41] Failed to dispatch libseat: Transport endpoint is not connected
2024-03-13 15:50:48,668 ERROR wlroots log.py:log_func_callback():L15 [backend/session/session.c:41] Failed to dispatch libseat: Transport endpoint is not connected
2024-03-13 15:50:48,669 ERROR wlroots log.py:log_func_callback():L15 [backend/session/session.c:41] Failed to dispatch libseat: Transport endpoint is not connected
2024-03-13 15:50:48,669 ERROR wlroots log.py:log_func_callback():L15 [backend/session/session.c:41] Failed to dispatch libseat: Transport endpoint is not connected
2024-03-13 15:50:48,669 ERROR wlroots log.py:log_func_callback():L15 [backend/session/session.c:41] Failed to dispatch libseat: Transport endpoint is not connected
2024-03-13 15:50:48,671 ERROR wlroots log.py:log_func_callback():L15 [backend/session/session.c:41] Failed to dispatch libseat: Transport endpoint is not connected
2024-03-13 15:50:48,671 ERROR wlroots log.py:log_func_callback():L15 [backend/session/session.c:41] Failed to dispatch libseat: Transport endpoint is not connected
2024-03-13 15:50:48,672 ERROR wlroots log.py:log_func_callback():L15 [backend/session/session.c:41] Failed to dispatch libseat: Transport endpoint is not connected
2024-03-13 15:50:48,672 ERROR wlroots log.py:log_func_callback():L15 [backend/session/session.c:41] Failed to dispatch libseat: Transport endpoint is not connected
2024-03-13 15:50:48,689 ERROR wlroots log.py:log_func_callback():L15 [backend/session/session.c:41] Failed to dispatch libseat: Transport endpoint is not connected
2024-03-13 15:50:48,689 ERROR wlroots log.py:log_func_callback():L15 [backend/session/session.c:41] Failed to dispatch libseat: Transport endpoint is not connected
2024-03-13 15:50:48,690 ERROR wlroots log.py:log_func_callback():L15 [backend/session/session.c:41] Failed to dispatch libseat: Transport endpoint is not connected
2024-03-13 15:50:48,690 ERROR wlroots log.py:log_func_callback():L15 [backend/session/session.c:41] Failed to dispatch libseat: Transport endpoint is not connected
2024-03-13 15:50:48,690 ERROR wlroots log.py:log_func_callback():L15 [backend/session/session.c:41] Failed to dispatch libseat: Transport endpoint is not connected
2024-03-13 15:50:48,690 ERROR wlroots log.py:log_func_callback():L15 [backend/session/session.c:41] Failed to dispatch libseat: Transport endpoint is not connected
2024-03-13 15:50:48,691 ERROR wlroots log.py:log_func_callback():L15 [backend/session/session.c:41] Failed to dispatch libseat: Transport endpoint is not connected
2024-03-13 15:50:48,691 ERROR wlroots log.py:log_func_callback():L15 [backend/session/session.c:41] Failed to dispatch libseat: Transport endpoint is not connected
2024-03-13 15:50:48,692 ERROR wlroots log.py:log_func_callback():L15 [backend/session/session.c:41] Failed to dispatch libseat: Transport endpoint is not connected
2024-03-13 15:50:48,694 ERROR wlroots log.py:log_func_callback():L15 [backend/drm/legacy.c:99] connector HDMI-A-1: Failed to set DPMS property: Permission denied
2024-03-13 15:50:48,694 ERROR wlroots log.py:log_func_callback():L15 [backend/drm/drm.c:991] connector HDMI-A-1: Failed to disable CRTC 42
2024-03-13 15:50:48,694 ERROR wlroots log.py:log_func_callback():L15 [backend/session/session.c:356] Failed to close device 1: Transport endpoint is not connected
2024-03-13 15:50:48,694 ERROR wlroots log.py:log_func_callback():L15 [libseat] [libseat/backend/seatd.c:122] Could not flush connection: Bad file descriptor
2024-03-13 15:50:48,696 WARNING libqtile lifecycle.py:_atexit():L37 Qtile will now terminate
